19/01/19 09:36:32 wfiler.w ScannKataloger: Starter. Starter GetKatalogListe.
19/01/19 09:36:32 wfiler.w ScannKataloger: Starter. Starter GetFilNavnListe.
19/01/19 09:36:32 wfiler.w ScannKataloger: Starter. Starter RensTommePoster.
19/01/19 09:36:32 wfiler.w ScannKataloger: Starter. Starter OpprettPoster.
19/01/19 09:36:32 wfiler.w ScannKataloger: Starter. Starter openQuery.
19/01/19 09:36:32 wfiler.w ScannKataloger: Starter. Ferdig.
19/01/19 09:36:34 wfiler.w ScannKataloger: Starter. Starter GetKatalogListe.
19/01/19 09:36:34 wfiler.w ScannKataloger: Starter. Starter GetFilNavnListe.
19/01/19 09:36:34 wfiler.w ScannKataloger: Starter. Starter RensTommePoster.
19/01/19 09:36:34 wfiler.w ScannKataloger: Starter. Starter OpprettPoster.
19/01/19 09:36:34 wfiler.w ScannKataloger: Starter. Starter openQuery.
19/01/19 09:36:34 wfiler.w ScannKataloger: Starter. Ferdig.
19/01/19 09:36:35 wfiler.w ScannKataloger: Starter. Starter GetKatalogListe.
19/01/19 09:36:35 wfiler.w ScannKataloger: Starter. Starter GetFilNavnListe.
19/01/19 09:36:35 wfiler.w ScannKataloger: Starter. Starter RensTommePoster.
19/01/19 09:36:35 wfiler.w ScannKataloger: Starter. Starter OpprettPoster.
19/01/19 09:36:35 wfiler.w ScannKataloger: Starter. Starter openQuery.
19/01/19 09:36:35 wfiler.w ScannKataloger: Starter. Ferdig.
19/01/19 09:36:35 wfiler.w ScannKataloger: Starter. Starter GetKatalogListe.
19/01/19 09:36:35 wfiler.w ScannKataloger: Starter. Starter GetFilNavnListe.
19/01/19 09:36:35 wfiler.w ScannKataloger: Starter. Starter RensTommePoster.
19/01/19 09:36:35 wfiler.w ScannKataloger: Starter. Starter OpprettPoster.
19/01/19 09:36:35 wfiler.w ScannKataloger: Starter. Starter openQuery.
19/01/19 09:36:35 wfiler.w ScannKataloger: Starter. Ferdig.
19/01/19 09:36:58 wfiler.w ScannKataloger: Starter. Starter GetKatalogListe.
19/01/19 09:36:58 wfiler.w ScannKataloger: Starter. Starter GetFilNavnListe.
19/01/19 09:36:58 wfiler.w ScannKataloger: Starter. Starter RensTommePoster.
19/01/19 09:36:58 wfiler.w ScannKataloger: Starter. Starter OpprettPoster.
19/01/19 09:36:59 wfiler.w ScannKataloger: Starter. Starter openQuery.
19/01/19 09:36:59 wfiler.w ScannKataloger: Starter. Ferdig.
19/01/19 11:28:49 wfiler.w ScannKataloger: Starter. Starter GetKatalogListe.
19/01/19 11:28:49 wfiler.w ScannKataloger: Starter. Starter GetFilNavnListe.
19/01/19 11:28:49 wfiler.w ScannKataloger: Starter. Starter RensTommePoster.
19/01/19 11:28:49 wfiler.w ScannKataloger: Starter. Starter OpprettPoster.
19/01/19 11:28:50 wfiler.w ScannKataloger: Starter. Starter openQuery.
19/01/19 11:28:50 wfiler.w ScannKataloger: Starter. Ferdig.
24/01/19 10:12:03 wfiler.w ScannKataloger: Starter. Starter GetKatalogListe.
24/01/19 10:12:03 wfiler.w ScannKataloger: Starter. Starter GetFilNavnListe.
24/01/19 10:12:03 wfiler.w ScannKataloger: Starter. Starter RensTommePoster.
24/01/19 10:12:03 wfiler.w ScannKataloger: Starter. Starter OpprettPoster.
24/01/19 10:12:04 wfiler.w ScannKataloger: Starter. Starter openQuery.
24/01/19 10:12:04 wfiler.w ScannKataloger: Starter. Ferdig.
24/01/19 11:17:41 wfiler.w ScannKataloger: Starter. Starter GetKatalogListe.
24/01/19 11:17:41 wfiler.w ScannKataloger: Starter. Starter GetFilNavnListe.
24/01/19 11:17:41 wfiler.w ScannKataloger: Starter. Starter RensTommePoster.
24/01/19 11:17:41 wfiler.w ScannKataloger: Starter. Starter OpprettPoster.
24/01/19 11:17:41 wfiler.w ScannKataloger: Starter. Starter openQuery.
24/01/19 11:17:41 wfiler.w ScannKataloger: Starter. Ferdig.
24/01/19 11:19:36 wfiler.w ScannKataloger: Starter. Starter GetKatalogListe.
24/01/19 11:19:36 wfiler.w ScannKataloger: Starter. Starter GetFilNavnListe.
24/01/19 11:19:36 wfiler.w ScannKataloger: Starter. Starter RensTommePoster.
24/01/19 11:19:36 wfiler.w ScannKataloger: Starter. Starter OpprettPoster.
24/01/19 11:19:36 wfiler.w ScannKataloger: Starter. Starter openQuery.
24/01/19 11:19:36 wfiler.w ScannKataloger: Starter. Ferdig.
24/01/19 11:19:37 wfiler.w ScannKataloger: Starter. Starter GetKatalogListe.
24/01/19 11:19:37 wfiler.w ScannKataloger: Starter. Starter GetFilNavnListe.
24/01/19 11:19:37 wfiler.w ScannKataloger: Starter. Starter RensTommePoster.
24/01/19 11:19:37 wfiler.w ScannKataloger: Starter. Starter OpprettPoster.
24/01/19 11:19:38 wfiler.w ScannKataloger: Starter. Starter openQuery.
24/01/19 11:19:38 wfiler.w ScannKataloger: Starter. Ferdig.
24/01/19 11:19:38 wfiler.w ScannKataloger: Starter. Starter GetKatalogListe.
24/01/19 11:19:38 wfiler.w ScannKataloger: Starter. Starter GetFilNavnListe.
24/01/19 11:19:38 wfiler.w ScannKataloger: Starter. Starter RensTommePoster.
24/01/19 11:19:38 wfiler.w ScannKataloger: Starter. Starter OpprettPoster.
24/01/19 11:19:38 wfiler.w ScannKataloger: Starter. Starter openQuery.
24/01/19 11:19:38 wfiler.w ScannKataloger: Starter. Ferdig.
24/01/19 11:20:13 wfiler.w ScannKataloger: Starter. Starter GetKatalogListe.
24/01/19 11:20:13 wfiler.w ScannKataloger: Starter. Starter GetFilNavnListe.
24/01/19 11:20:13 wfiler.w ScannKataloger: Starter. Starter RensTommePoster.
24/01/19 11:20:13 wfiler.w ScannKataloger: Starter. Starter OpprettPoster.
24/01/19 11:20:13 wfiler.w ScannKataloger: Starter. Starter openQuery.
24/01/19 11:20:13 wfiler.w ScannKataloger: Starter. Ferdig.
24/01/19 11:20:54 wfiler.w ScannKataloger: Starter. Starter GetKatalogListe.
24/01/19 11:20:54 wfiler.w ScannKataloger: Starter. Starter GetFilNavnListe.
24/01/19 11:20:54 wfiler.w ScannKataloger: Starter. Starter RensTommePoster.
24/01/19 11:20:54 wfiler.w ScannKataloger: Starter. Starter OpprettPoster.
24/01/19 11:20:54 wfiler.w ScannKataloger: Starter. Starter openQuery.
24/01/19 11:20:54 wfiler.w ScannKataloger: Starter. Ferdig.
24/01/19 11:42:58 wfiler.w ScannKataloger: Starter. Starter GetKatalogListe.
24/01/19 11:42:58 wfiler.w ScannKataloger: Starter. Starter GetFilNavnListe.
24/01/19 11:42:58 wfiler.w ScannKataloger: Starter. Starter RensTommePoster.
24/01/19 11:42:58 wfiler.w ScannKataloger: Starter. Starter OpprettPoster.
24/01/19 11:42:58 wfiler.w ScannKataloger: Starter. Starter openQuery.
24/01/19 11:42:58 wfiler.w ScannKataloger: Starter. Ferdig.
24/01/19 12:11:02 wfiler.w ScannKataloger: Starter. Starter GetKatalogListe.
24/01/19 12:11:02 wfiler.w ScannKataloger: Starter. Starter GetFilNavnListe.
24/01/19 12:11:02 wfiler.w ScannKataloger: Starter. Starter RensTommePoster.
24/01/19 12:11:02 wfiler.w ScannKataloger: Starter. Starter OpprettPoster.
24/01/19 12:11:02 wfiler.w ScannKataloger: Starter. Starter openQuery.
24/01/19 12:11:02 wfiler.w ScannKataloger: Starter. Ferdig.
24/01/19 12:12:07 wfiler.w ScannKataloger: Starter. Starter GetKatalogListe.
24/01/19 12:12:07 wfiler.w ScannKataloger: Starter. Starter GetFilNavnListe.
24/01/19 12:12:07 wfiler.w ScannKataloger: Starter. Starter RensTommePoster.
24/01/19 12:12:07 wfiler.w ScannKataloger: Starter. Starter OpprettPoster.
24/01/19 12:12:07 wfiler.w ScannKataloger: Starter. Starter openQuery.
24/01/19 12:12:07 wfiler.w ScannKataloger: Starter. Ferdig.
24/01/19 12:12:13 wfiler.w ScannKataloger: Starter. Starter GetKatalogListe.
24/01/19 12:12:13 wfiler.w ScannKataloger: Starter. Starter GetFilNavnListe.
24/01/19 12:12:13 wfiler.w ScannKataloger: Starter. Starter RensTommePoster.
24/01/19 12:12:13 wfiler.w ScannKataloger: Starter. Starter OpprettPoster.
24/01/19 12:12:13 wfiler.w ScannKataloger: Starter. Starter openQuery.
24/01/19 12:12:13 wfiler.w ScannKataloger: Starter. Ferdig.
28/01/19 11:03:31 wfiler.w ScannKataloger: Starter. Starter GetKatalogListe.
28/01/19 11:03:31 wfiler.w ScannKataloger: Starter. Starter GetFilNavnListe.
28/01/19 11:03:31 wfiler.w ScannKataloger: Starter. Starter RensTommePoster.
28/01/19 11:03:31 wfiler.w ScannKataloger: Starter. Starter OpprettPoster.
28/01/19 11:03:31 wfiler.w ScannKataloger: Starter. Starter openQuery.
28/01/19 11:03:31 wfiler.w ScannKataloger: Starter. Ferdig.
30/01/19 11:32:34 wfiler.w ScannKataloger: Starter. Starter GetKatalogListe.
30/01/19 11:32:34 wfiler.w ScannKataloger: Starter. Starter GetFilNavnListe.
30/01/19 11:32:34 wfiler.w ScannKataloger: Starter. Starter RensTommePoster.
30/01/19 11:32:34 wfiler.w ScannKataloger: Starter. Starter OpprettPoster.
30/01/19 11:32:34 wfiler.w ScannKataloger: Starter. Starter openQuery.
30/01/19 11:32:34 wfiler.w ScannKataloger: Starter. Ferdig.
30/01/19 11:39:23 wfiler.w ScannKataloger: Starter. Starter GetKatalogListe.
30/01/19 11:39:23 wfiler.w ScannKataloger: Starter. Starter GetFilNavnListe.
30/01/19 11:39:23 wfiler.w ScannKataloger: Starter. Starter RensTommePoster.
30/01/19 11:39:23 wfiler.w ScannKataloger: Starter. Starter OpprettPoster.
30/01/19 11:39:24 wfiler.w ScannKataloger: Starter. Starter openQuery.
30/01/19 11:39:24 wfiler.w ScannKataloger: Starter. Ferdig.
11/02/19 10:00:55 wfiler.w ScannKataloger: Starter. Starter GetKatalogListe.
11/02/19 10:00:55 wfiler.w ScannKataloger: Starter. Starter GetFilNavnListe.
11/02/19 10:00:55 wfiler.w ScannKataloger: Starter. Starter RensTommePoster.
11/02/19 10:00:55 wfiler.w ScannKataloger: Starter. Starter OpprettPoster.
11/02/19 10:00:55 wfiler.w ScannKataloger: Starter. Starter openQuery.
11/02/19 10:00:55 wfiler.w ScannKataloger: Starter. Ferdig.
11/02/19 10:00:56 wfiler.w ScannKataloger: Starter. Starter GetKatalogListe.
11/02/19 10:00:56 wfiler.w ScannKataloger: Starter. Starter GetFilNavnListe.
11/02/19 10:00:56 wfiler.w ScannKataloger: Starter. Starter RensTommePoster.
11/02/19 10:00:56 wfiler.w ScannKataloger: Starter. Starter OpprettPoster.
11/02/19 10:00:56 wfiler.w ScannKataloger: Starter. Starter openQuery.
11/02/19 10:00:56 wfiler.w ScannKataloger: Starter. Ferdig.
11/02/19 10:01:52 wfiler.w ScannKataloger: Starter. Starter GetKatalogListe.
11/02/19 10:01:52 wfiler.w ScannKataloger: Starter. Starter GetFilNavnListe.
11/02/19 10:01:52 wfiler.w ScannKataloger: Starter. Starter RensTommePoster.
11/02/19 10:01:52 wfiler.w ScannKataloger: Starter. Starter OpprettPoster.
11/02/19 10:01:53 wfiler.w ScannKataloger: Starter. Starter openQuery.
11/02/19 10:01:53 wfiler.w ScannKataloger: Starter. Ferdig.
11/02/19 10:06:35 wfiler.w ScannKataloger: Starter. Starter GetKatalogListe.
11/02/19 10:06:35 wfiler.w ScannKataloger: Starter. Starter GetFilNavnListe.
11/02/19 10:06:35 wfiler.w ScannKataloger: Starter. Starter RensTommePoster.
11/02/19 10:06:35 wfiler.w ScannKataloger: Starter. Starter OpprettPoster.
11/02/19 10:06:36 wfiler.w ScannKataloger: Starter. Starter openQuery.
11/02/19 10:06:36 wfiler.w ScannKataloger: Starter. Ferdig.
11/02/19 11:44:01 wfiler.w ScannKataloger: Starter. Starter GetKatalogListe.
11/02/19 11:44:01 wfiler.w ScannKataloger: Starter. Starter GetFilNavnListe.
11/02/19 11:44:01 wfiler.w ScannKataloger: Starter. Starter RensTommePoster.
11/02/19 11:44:01 wfiler.w ScannKataloger: Starter. Starter OpprettPoster.
11/02/19 11:44:01 wfiler.w ScannKataloger: Starter. Starter openQuery.
11/02/19 11:44:02 wfiler.w ScannKataloger: Starter. Ferdig.
11/02/19 11:44:33 wfiler.w ScannKataloger: Starter. Starter GetKatalogListe.
11/02/19 11:44:33 wfiler.w ScannKataloger: Starter. Starter GetFilNavnListe.
11/02/19 11:44:33 wfiler.w ScannKataloger: Starter. Starter RensTommePoster.
11/02/19 11:44:33 wfiler.w ScannKataloger: Starter. Starter OpprettPoster.
11/02/19 11:44:33 wfiler.w ScannKataloger: Starter. Starter openQuery.
11/02/19 11:44:33 wfiler.w ScannKataloger: Starter. Ferdig.
11/02/19 12:06:30 wfiler.w ScannKataloger: Starter. Starter GetKatalogListe.
11/02/19 12:06:30 wfiler.w ScannKataloger: Starter. Starter GetFilNavnListe.
11/02/19 12:06:30 wfiler.w ScannKataloger: Starter. Starter RensTommePoster.
11/02/19 12:06:30 wfiler.w ScannKataloger: Starter. Starter OpprettPoster.
11/02/19 12:06:31 wfiler.w ScannKataloger: Starter. Starter openQuery.
11/02/19 12:06:31 wfiler.w ScannKataloger: Starter. Ferdig.
11/02/19 14:44:35 wfiler.w ScannKataloger: Starter. Starter GetKatalogListe.
11/02/19 14:44:35 wfiler.w ScannKataloger: Starter. Starter GetFilNavnListe.
11/02/19 14:44:35 wfiler.w ScannKataloger: Starter. Starter RensTommePoster.
11/02/19 14:44:35 wfiler.w ScannKataloger: Starter. Starter OpprettPoster.
11/02/19 14:44:35 wfiler.w ScannKataloger: Starter. Starter openQuery.
11/02/19 14:44:36 wfiler.w ScannKataloger: Starter. Ferdig.
