30/01/19 16:17:16 Start kordre_levering.p
30/01/19 16:17:16     fKOrdre_id: 1190000001.
30/01/19 16:17:16     AVAIL KOrdreHode: yes.
30/01/19 16:17:16     icParam: 1190000001.
30/01/19 16:17:16     ocReturnSendingsnr er ikke angitt for ordre: 1190000001.
30/01/19 16:17:16 Slutt kordre_levering.p
30/01/19 16:18:18 Start kordre_levering.p
30/01/19 16:18:18     fKOrdre_id: 1190000001.
30/01/19 16:18:18     AVAIL KOrdreHode: yes.
30/01/19 16:18:18     icParam: 1190000001.
30/01/19 16:18:18     ocReturnFakturert.
30/01/19 16:18:18 Slutt kordre_levering.p
30/01/19 16:22:50 Start kordre_levering.p
30/01/19 16:22:50     fKOrdre_id: 1190000006.
30/01/19 16:22:50     AVAIL KOrdreHode: yes.
30/01/19 16:22:50     icParam: 1190000006.
30/01/19 16:22:50     ocReturnFakturert.
30/01/19 16:22:50 Slutt kordre_levering.p
30/01/19 16:23:37 Start kordre_levering.p
30/01/19 16:23:37     fKOrdre_id: 1190000005.
30/01/19 16:23:37     AVAIL KOrdreHode: yes.
30/01/19 16:23:37     icParam: 1190000005.
30/01/19 16:23:37     ocReturnFakturert.
30/01/19 16:23:37 Slutt kordre_levering.p
30/01/19 16:28:28 Start kordre_levering.p
30/01/19 16:28:28     fKOrdre_id: 1190000001.
30/01/19 16:28:28     AVAIL KOrdreHode: yes.
30/01/19 16:28:28     icParam: 1190000001.
30/01/19 16:28:28     ocReturnSendingsnr er ikke angitt for ordre: 1190000001.
30/01/19 16:28:28 Slutt kordre_levering.p
30/01/19 16:28:53 Start kordre_levering.p
30/01/19 16:28:53     fKOrdre_id: 1190000001.
30/01/19 16:28:53     AVAIL KOrdreHode: yes.
30/01/19 16:28:53     icParam: 1190000001.
30/01/19 16:28:53     ocReturnFakturert.
30/01/19 16:28:53 Slutt kordre_levering.p
31/01/19 11:33:30 Start kundeordre.w -LeverRecord
31/01/19 11:33:30     iReturn: 2.
31/01/19 11:33:43 Start kundeordre.w -LeverRecord
31/01/19 11:33:43     iReturn: 0.
31/01/19 11:33:43 Ferdig kundeordre.w - LeverRecord
