[14/04/28@21:28:57.484+0200] P-027665 T-823392032 1 AS WSLogin    Login:"MXSport" Status:"yes"
[14/04/28@21:28:57.499+0200] P-027665 T-823392032 1 AS getNetsLas SessionId:"df2bc1a1-f9da-31b2-e311-0bcf1af3bc57" Status:"yes"
[14/04/28@21:28:57.499+0200] P-027665 T-823392032 1 AS getNetsLas LastRegistrertDato:"28/04/2014" Status:"yes"
[14/04/28@21:28:57.499+0200] P-027665 T-823392032 1 AS getNetsLas LastRegistrertTid :"72536" Status:"yes"
[14/04/28@21:28:57.640+0200] P-027665 T-823392032 1 AS -- (Procedure: 'putNetsUpdated.p' Line:44) Receive Data tt_nets
[14/04/28@21:28:57.641+0200] P-027665 T-823392032 1 AS -- (Procedure: 'putNetsUpdated.p' Line:60) Nets Transactions:1
[14/04/28@21:28:57.641+0200] P-027665 T-823392032 1 AS -- (Procedure: 'putNetsUpdated.p' Line:85) BongHode Transactions:1
[14/04/28@21:28:57.646+0200] P-027665 T-823392032 1 AS -- (Procedure: 'putNetsUpdated.p' Line:110) BongLinje Transactions:12
[14/04/28@21:28:57.647+0200] P-027665 T-823392032 1 AS -- (Procedure: 'putNetsUpdated.p' Line:115) Error Nets: 1
[14/04/28@21:28:57.647+0200] P-027665 T-823392032 1 AS -- (Procedure: 'putNetsUpdated.p' Line:118) Error BongHode: 1
[14/04/28@21:28:57.647+0200] P-027665 T-823392032 1 AS -- (Procedure: 'putNetsUpdated.p' Line:121) Error BongLinje: 12
[14/04/28@21:28:57.701+0200] P-027665 T-823392032 1 AS getNetsUpd SessionId:"df2bc1a1-f9da-31b2-e311-0bcf1af3bc57" Status:"yes"
[14/04/28@21:28:57.701+0200] P-027665 T-823392032 1 AS getNetsUpd Reading updates from SendtDato:?"0" Status:"no"
[14/04/28@21:28:57.701+0200] P-027665 T-823392032 1 AS getNetsUpd Num records:"0" Status:"yes"
[14/04/28@21:36:04.579+0200] P-027665 T-823392032 1 AS WSLogin    Login:"MXSport" Status:"yes"
[14/04/28@21:36:04.594+0200] P-027665 T-823392032 1 AS getNetsLas SessionId:"df2bc1a1-f9da-31b2-e311-0ccfca704e56" Status:"yes"
[14/04/28@21:36:04.594+0200] P-027665 T-823392032 1 AS getNetsLas LastRegistrertDato:"28/04/2014" Status:"yes"
[14/04/28@21:36:04.594+0200] P-027665 T-823392032 1 AS getNetsLas LastRegistrertTid :"72536" Status:"yes"
[14/04/28@21:36:04.736+0200] P-027665 T-823392032 1 AS -- (Procedure: 'putNetsUpdated.p' Line:44) Receive Data tt_nets
[14/04/28@21:36:04.737+0200] P-027665 T-823392032 1 AS -- (Procedure: 'putNetsUpdated.p' Line:60) Nets Transactions:1
[14/04/28@21:36:04.737+0200] P-027665 T-823392032 1 AS -- (Procedure: 'putNetsUpdated.p' Line:85) BongHode Transactions:1
[14/04/28@21:36:04.743+0200] P-027665 T-823392032 1 AS -- (Procedure: 'putNetsUpdated.p' Line:110) BongLinje Transactions:12
[14/04/28@21:36:04.743+0200] P-027665 T-823392032 1 AS -- (Procedure: 'putNetsUpdated.p' Line:115) Error Nets: 1
[14/04/28@21:36:04.743+0200] P-027665 T-823392032 1 AS -- (Procedure: 'putNetsUpdated.p' Line:118) Error BongHode: 1
[14/04/28@21:36:04.743+0200] P-027665 T-823392032 1 AS -- (Procedure: 'putNetsUpdated.p' Line:121) Error BongLinje: 12
[14/04/28@21:36:04.799+0200] P-027665 T-823392032 1 AS getNetsUpd SessionId:"df2bc1a1-f9da-31b2-e311-0ccfca704e56" Status:"yes"
[14/04/28@21:36:04.799+0200] P-027665 T-823392032 1 AS getNetsUpd Reading updates from SendtDato:?"0" Status:"no"
[14/04/28@21:36:04.799+0200] P-027665 T-823392032 1 AS getNetsUpd Num records:"0" Status:"yes"
[14/04/28@21:36:50.394+0200] P-027665 T-823392032 1 AS WSLogin    Login:"MXSport" Status:"yes"
[14/04/28@21:36:50.408+0200] P-027665 T-823392032 1 AS getNetsLas SessionId:"df2bc1a1-f9da-31b2-e311-0ccfc6419d71" Status:"yes"
[14/04/28@21:36:50.408+0200] P-027665 T-823392032 1 AS getNetsLas LastRegistrertDato:"28/04/2014" Status:"yes"
[14/04/28@21:36:50.408+0200] P-027665 T-823392032 1 AS getNetsLas LastRegistrertTid :"72536" Status:"yes"
[14/04/28@21:36:50.548+0200] P-027665 T-823392032 1 AS -- (Procedure: 'putNetsUpdated.p' Line:44) Receive Data tt_nets
[14/04/28@21:36:50.549+0200] P-027665 T-823392032 1 AS -- (Procedure: 'putNetsUpdated.p' Line:60) Nets Transactions:1
[14/04/28@21:36:50.549+0200] P-027665 T-823392032 1 AS -- (Procedure: 'putNetsUpdated.p' Line:85) BongHode Transactions:1
[14/04/28@21:36:50.555+0200] P-027665 T-823392032 1 AS -- (Procedure: 'putNetsUpdated.p' Line:110) BongLinje Transactions:12
[14/04/28@21:36:50.555+0200] P-027665 T-823392032 1 AS -- (Procedure: 'putNetsUpdated.p' Line:115) Error Nets: 1
[14/04/28@21:36:50.555+0200] P-027665 T-823392032 1 AS -- (Procedure: 'putNetsUpdated.p' Line:118) Error BongHode: 1
[14/04/28@21:36:50.555+0200] P-027665 T-823392032 1 AS -- (Procedure: 'putNetsUpdated.p' Line:121) Error BongLinje: 12
[14/04/28@21:36:50.610+0200] P-027665 T-823392032 1 AS getNetsUpd SessionId:"df2bc1a1-f9da-31b2-e311-0ccfc6419d71" Status:"yes"
[14/04/28@21:36:50.610+0200] P-027665 T-823392032 1 AS getNetsUpd Reading updates from SendtDato:?"0" Status:"no"
[14/04/28@21:36:50.610+0200] P-027665 T-823392032 1 AS getNetsUpd Num records:"0" Status:"yes"
[14/04/28@21:37:58.724+0200] P-027665 T-823392032 1 AS WSLogin    Login:"MXSport" Status:"yes"
[14/04/28@21:37:58.739+0200] P-027665 T-823392032 1 AS getNetsLas SessionId:"df2bc1a1-f9da-31b2-e311-0ccf26a4579a" Status:"yes"
[14/04/28@21:37:58.739+0200] P-027665 T-823392032 1 AS getNetsLas LastRegistrertDato:"28/04/2014" Status:"yes"
[14/04/28@21:37:58.739+0200] P-027665 T-823392032 1 AS getNetsLas LastRegistrertTid :"72536" Status:"yes"
[14/04/28@21:37:58.880+0200] P-027665 T-823392032 1 AS -- (Procedure: 'putNetsUpdated.p' Line:44) Receive Data tt_nets
[14/04/28@21:37:58.880+0200] P-027665 T-823392032 1 AS -- (Procedure: 'putNetsUpdated.p' Line:60) Nets Transactions:1
[14/04/28@21:37:58.881+0200] P-027665 T-823392032 1 AS -- (Procedure: 'putNetsUpdated.p' Line:85) BongHode Transactions:1
[14/04/28@21:37:58.887+0200] P-027665 T-823392032 1 AS -- (Procedure: 'putNetsUpdated.p' Line:110) BongLinje Transactions:12
[14/04/28@21:37:58.887+0200] P-027665 T-823392032 1 AS -- (Procedure: 'putNetsUpdated.p' Line:115) Error Nets: 1
[14/04/28@21:37:58.887+0200] P-027665 T-823392032 1 AS -- (Procedure: 'putNetsUpdated.p' Line:118) Error BongHode: 1
[14/04/28@21:37:58.887+0200] P-027665 T-823392032 1 AS -- (Procedure: 'putNetsUpdated.p' Line:121) Error BongLinje: 12
[14/04/28@21:37:58.944+0200] P-027665 T-823392032 1 AS getNetsUpd SessionId:"df2bc1a1-f9da-31b2-e311-0ccf26a4579a" Status:"yes"
[14/04/28@21:37:58.944+0200] P-027665 T-823392032 1 AS getNetsUpd Reading updates from SendtDato:?"0" Status:"no"
[14/04/28@21:37:58.944+0200] P-027665 T-823392032 1 AS getNetsUpd Num records:"0" Status:"yes"
[14/04/28@21:40:50.160+0200] P-027665 T-823392032 1 AS WSLogin    Login:"MXSport" Status:"yes"
[14/04/28@21:40:50.175+0200] P-027665 T-823392032 1 AS getNetsLas SessionId:"df2bc1a1-f9da-31b2-e311-0dcf64a38600" Status:"yes"
[14/04/28@21:40:50.175+0200] P-027665 T-823392032 1 AS getNetsLas LastRegistrertDato:"28/04/2014" Status:"yes"
[14/04/28@21:40:50.175+0200] P-027665 T-823392032 1 AS getNetsLas LastRegistrertTid :"72536" Status:"yes"
[14/04/28@21:40:50.316+0200] P-027665 T-823392032 1 AS -- (Procedure: 'putNetsUpdated.p' Line:44) Receive Data tt_nets
[14/04/28@21:40:50.317+0200] P-027665 T-823392032 1 AS -- (Procedure: 'putNetsUpdated.p' Line:60) Nets Transactions:1
[14/04/28@21:40:50.317+0200] P-027665 T-823392032 1 AS -- (Procedure: 'putNetsUpdated.p' Line:85) BongHode Transactions:1
[14/04/28@21:40:50.323+0200] P-027665 T-823392032 1 AS -- (Procedure: 'putNetsUpdated.p' Line:110) BongLinje Transactions:12
[14/04/28@21:40:50.323+0200] P-027665 T-823392032 1 AS -- (Procedure: 'putNetsUpdated.p' Line:115) Error Nets: 1
[14/04/28@21:40:50.323+0200] P-027665 T-823392032 1 AS -- (Procedure: 'putNetsUpdated.p' Line:118) Error BongHode: 1
[14/04/28@21:40:50.323+0200] P-027665 T-823392032 1 AS -- (Procedure: 'putNetsUpdated.p' Line:121) Error BongLinje: 12
[14/04/28@21:40:50.382+0200] P-027665 T-823392032 1 AS getNetsUpd SessionId:"df2bc1a1-f9da-31b2-e311-0dcf64a38600" Status:"yes"
[14/04/28@21:40:50.382+0200] P-027665 T-823392032 1 AS getNetsUpd Reading updates from SendtDato:?"0" Status:"no"
[14/04/28@21:40:50.382+0200] P-027665 T-823392032 1 AS getNetsUpd Num records:"0" Status:"yes"
[14/04/28@21:45:48.219+0200] P-027665 T-823392032 1 AS WSLogin    Login:"netstestuser" Status:"no"
[14/04/28@21:46:54.213+0200] P-027665 T-823392032 1 AS WSLogin    Login:"mxsport" Status:"yes"
[14/04/28@21:55:32.720+0200] P-027665 T-823392032 1 AS WSLogin    Login:"MXSport" Status:"yes"
[14/04/28@21:55:32.736+0200] P-027665 T-823392032 1 AS getNetsLas SessionId:"df2bc1a1-f9da-31b2-e311-0fcf3cb4920e" Status:"yes"
[14/04/28@21:55:32.736+0200] P-027665 T-823392032 1 AS getNetsLas LastRegistrertDato:"28/04/2014" Status:"yes"
[14/04/28@21:55:32.736+0200] P-027665 T-823392032 1 AS getNetsLas LastRegistrertTid :"72536" Status:"yes"
[14/04/28@21:55:32.876+0200] P-027665 T-823392032 1 AS -- (Procedure: 'putNetsUpdated.p' Line:44) Receive Data tt_nets
[14/04/28@21:55:32.877+0200] P-027665 T-823392032 1 AS -- (Procedure: 'putNetsUpdated.p' Line:60) Nets Transactions:1
[14/04/28@21:55:32.878+0200] P-027665 T-823392032 1 AS -- (Procedure: 'putNetsUpdated.p' Line:85) BongHode Transactions:1
[14/04/28@21:55:32.883+0200] P-027665 T-823392032 1 AS -- (Procedure: 'putNetsUpdated.p' Line:110) BongLinje Transactions:12
[14/04/28@21:55:32.883+0200] P-027665 T-823392032 1 AS -- (Procedure: 'putNetsUpdated.p' Line:115) Error Nets: 1
[14/04/28@21:55:32.883+0200] P-027665 T-823392032 1 AS -- (Procedure: 'putNetsUpdated.p' Line:118) Error BongHode: 1
[14/04/28@21:55:32.883+0200] P-027665 T-823392032 1 AS -- (Procedure: 'putNetsUpdated.p' Line:121) Error BongLinje: 12
[14/04/28@21:55:32.943+0200] P-027665 T-823392032 1 AS getNetsUpd SessionId:"df2bc1a1-f9da-31b2-e311-0fcf3cb4920e" Status:"yes"
[14/04/28@21:55:32.943+0200] P-027665 T-823392032 1 AS getNetsUpd Reading updates from SendtDato:?"0" Status:"no"
[14/04/28@21:55:32.943+0200] P-027665 T-823392032 1 AS getNetsUpd Num records:"0" Status:"yes"
[14/04/28@23:00:06.363+0200] P-027657 T-4073228064 1 AS -- An incomplete client request. (8020)
