
-------------------------------------------------------------------------------
   ROBOCOPY     ::     Robust File Copy for Windows                              
-------------------------------------------------------------------------------

  Started : Mon Jun 24 10:49:58 2013

   Source : c:\dump\
     Dest : x:\home\lindbak\ankommet\

    Files : POS*.*
	    
  Options : /COPY:DAT /MOV /R:1000000 /W:30 

------------------------------------------------------------------------------

	                   0	c:\dump\
	  *EXTRA File 		   6.0 m	POSTOTN201306240610.16
	  *EXTRA File 		   3.2 m	POSTOTN201306240612.348
	  *EXTRA File 		   8.7 m	POSTOTN201306240613.23
	  *EXTRA File 		   8.5 m	POSTOTN201306240615.51

------------------------------------------------------------------------------

               Total    Copied   Skipped  Mismatch    FAILED    Extras
    Dirs :         1         0         1         0         0         0
   Files :         0         0         0         0         0         4
   Bytes :         0         0         0         0         0   26.73 m
   Times :   0:00:00   0:00:00                       0:00:00   0:00:00

   Ended : Mon Jun 24 10:49:58 2013
