-- ++
-- Creating objects in MSS database.
-- --

SEND-SQL FAILED SENDING:  CREATE TABLE filer ( filnavn varchar (30) null, dato datetime null, kl varchar (30) null, storrelse integer null, katalog varchar (40) null, innlest tinyint null, feil tinyint null, dobbel tinyint null, oppdatert tinyint null, innlestdato datetime null, innlestkl integer null, innlestav varchar (15) null, oppdatertdato datetime null, oppdatertkl integer null, oppdatertav varchar (15) null, filid decimal(15,2) null, backup tinyint null, antlinjer integer null, slettetdato datetime null, slettetav varchar (15) null, slettettid integer null, slettet tinyint null, filtype integer null, overfort tinyint null, overfortdato datetime null, overforttid integer null, overfortav varchar (15) null, PROGRESS_RECID bigint null, PROGRESS_RECID_IDENT_ bigint identity )
  : Stored Procedure failed execution.  See previous errors for more information (14958)
  : 14958
  : 37000: [Microsoft][ODBC SQL Server Driver][SQL Server]Incorrect syntax near the keyword 'backup'.
  : 0
SEND-SQL FAILED SENDING:  create trigger _TI_filer ON filer for insert as RAISERROR ('PSC-init',0,1) SET XACT_ABORT ON SET LOCK_TIMEOUT -1 if  ( select PROGRESS_RECID from inserted) is NULL begin update t set PROGRESS_RECID = i.IDENTITYCOL from filer t  JOIN inserted i ON t.PROGRESS_RECID_IDENT_ = i.PROGRESS_RECID_IDENT_ select convert (bigint, @@identity) end SET XACT_ABORT OFF RAISERROR ('PSC-end',0,1)
  : Stored Procedure failed execution.  See previous errors for more information (14958)
  : 14958
  : 37000: [Microsoft][ODBC SQL Server Driver][SQL Server]The object 'filer' does not exist or is invalid for this operation.
  : 0
SEND-SQL FAILED SENDING:  CREATE INDEX filer#_#progress_recid ON filer (PROGRESS_RECID)
  : Stored Procedure failed execution.  See previous errors for more information (14958)
  : 14958
  : 37000: [Microsoft][ODBC SQL Server Driver][SQL Server]Cannot find the object "filer" because it does not exist or you do not have permissions.
  : 0
SEND-SQL FAILED SENDING:  CREATE UNIQUE INDEX filer#_#progress_recid_ident_ ON filer (PROGRESS_RECID_IDENT_ )
  : Stored Procedure failed execution.  See previous errors for more information (14958)
  : 14958
  : 37000: [Microsoft][ODBC SQL Server Driver][SQL Server]Cannot find the object "filer" because it does not exist or you do not have permissions.
  : 0
SEND-SQL FAILED SENDING:  CREATE INDEX filer##backup ON filer (backup, PROGRESS_RECID)
  : Stored Procedure failed execution.  See previous errors for more information (14958)
  : 14958
  : 37000: [Microsoft][ODBC SQL Server Driver][SQL Server]Incorrect syntax near the keyword 'backup'.
  : 0
SEND-SQL FAILED SENDING:  CREATE INDEX filer##dobbel ON filer (dobbel, PROGRESS_RECID)
  : Stored Procedure failed execution.  See previous errors for more information (14958)
  : 14958
  : 37000: [Microsoft][ODBC SQL Server Driver][SQL Server]Cannot find the object "filer" because it does not exist or you do not have permissions.
  : 0
SEND-SQL FAILED SENDING:  CREATE INDEX filer##feil ON filer (feil, PROGRESS_RECID)
  : Stored Procedure failed execution.  See previous errors for more information (14958)
  : 14958
  : 37000: [Microsoft][ODBC SQL Server Driver][SQL Server]Cannot find the object "filer" because it does not exist or you do not have permissions.
  : 0
SEND-SQL FAILED SENDING:  CREATE UNIQUE INDEX filer##filer ON filer (filnavn, dato, kl, storrelse, katalog)
  : Stored Procedure failed execution.  See previous errors for more information (14958)
  : 14958
  : 37000: [Microsoft][ODBC SQL Server Driver][SQL Server]Cannot find the object "filer" because it does not exist or you do not have permissions.
  : 0
SEND-SQL FAILED SENDING:  CREATE UNIQUE INDEX filer##filid ON filer (filid)
  : Stored Procedure failed execution.  See previous errors for more information (14958)
  : 14958
  : 37000: [Microsoft][ODBC SQL Server Driver][SQL Server]Cannot find the object "filer" because it does not exist or you do not have permissions.
  : 0
SEND-SQL FAILED SENDING:  CREATE INDEX filer##filnavn ON filer (filnavn, PROGRESS_RECID)
  : Stored Procedure failed execution.  See previous errors for more information (14958)
  : 14958
  : 37000: [Microsoft][ODBC SQL Server Driver][SQL Server]Cannot find the object "filer" because it does not exist or you do not have permissions.
  : 0
SEND-SQL FAILED SENDING:  CREATE INDEX filer##filtype ON filer (filtype, PROGRESS_RECID)
  : Stored Procedure failed execution.  See previous errors for more information (14958)
  : 14958
  : 37000: [Microsoft][ODBC SQL Server Driver][SQL Server]Cannot find the object "filer" because it does not exist or you do not have permissions.
  : 0
SEND-SQL FAILED SENDING:  CREATE INDEX filer##innlest ON filer (innlestdato, innlestkl, PROGRESS_RECID)
  : Stored Procedure failed execution.  See previous errors for more information (14958)
  : 14958
  : 37000: [Microsoft][ODBC SQL Server Driver][SQL Server]Cannot find the object "filer" because it does not exist or you do not have permissions.
  : 0
SEND-SQL FAILED SENDING:  CREATE INDEX filer##innlestav ON filer (innlestav, innlestdato, innlestkl, PROGRESS_RECID)
  : Stored Procedure failed execution.  See previous errors for more information (14958)
  : 14958
  : 37000: [Microsoft][ODBC SQL Server Driver][SQL Server]Cannot find the object "filer" because it does not exist or you do not have permissions.
  : 0
SEND-SQL FAILED SENDING:  CREATE INDEX filer##innlestflagg ON filer (innlest, PROGRESS_RECID)
  : Stored Procedure failed execution.  See previous errors for more information (14958)
  : 14958
  : 37000: [Microsoft][ODBC SQL Server Driver][SQL Server]Cannot find the object "filer" because it does not exist or you do not have permissions.
  : 0
SEND-SQL FAILED SENDING:  CREATE INDEX filer##oppdatert ON filer (oppdatertdato, oppdatertkl, PROGRESS_RECID)
  : Stored Procedure failed execution.  See previous errors for more information (14958)
  : 14958
  : 37000: [Microsoft][ODBC SQL Server Driver][SQL Server]Cannot find the object "filer" because it does not exist or you do not have permissions.
  : 0
SEND-SQL FAILED SENDING:  CREATE INDEX filer##oppdatertav ON filer (oppdatertav, oppdatertdato, oppdatertkl, PROGRESS_RECID)
  : Stored Procedure failed execution.  See previous errors for more information (14958)
  : 14958
  : 37000: [Microsoft][ODBC SQL Server Driver][SQL Server]Cannot find the object "filer" because it does not exist or you do not have permissions.
  : 0
SEND-SQL FAILED SENDING:  CREATE INDEX filer##opprettet ON filer (dato, kl, PROGRESS_RECID)
  : Stored Procedure failed execution.  See previous errors for more information (14958)
  : 14958
  : 37000: [Microsoft][ODBC SQL Server Driver][SQL Server]Cannot find the object "filer" because it does not exist or you do not have permissions.
  : 0
SEND-SQL FAILED SENDING:  CREATE INDEX filer##overfort ON filer (overfort, PROGRESS_RECID)
  : Stored Procedure failed execution.  See previous errors for more information (14958)
  : 14958
  : 37000: [Microsoft][ODBC SQL Server Driver][SQL Server]Cannot find the object "filer" because it does not exist or you do not have permissions.
  : 0
SEND-SQL FAILED SENDING:  CREATE INDEX filer##slettet ON filer (slettet, PROGRESS_RECID)
  : Stored Procedure failed execution.  See previous errors for more information (14958)
  : 14958
  : 37000: [Microsoft][ODBC SQL Server Driver][SQL Server]Cannot find the object "filer" because it does not exist or you do not have permissions.
  : 0
SEND-SQL FAILED SENDING:  CREATE INDEX filer##slettetdatotid ON filer (slettetdato, slettettid, PROGRESS_RECID)
  : Stored Procedure failed execution.  See previous errors for more information (14958)
  : 14958
  : 37000: [Microsoft][ODBC SQL Server Driver][SQL Server]Cannot find the object "filer" because it does not exist or you do not have permissions.
  : 0
SEND-SQL FAILED SENDING:  if (select name from sysobjects where name = '_SEQT_bokforingsid' and uid = (select uid from sysusers where sid = (select sid from master.dbo.syslogins where UPPER(name) = UPPER('tny')))) is not NULL drop table _SEQT_bokforingsid if (select seq_name from _SEQT_REV_SEQTMGR where seq_name = 'bokforingsid') is not NULL delete from _SEQT_REV_SEQTMGR where seq_name = 'bokforingsid' if (select seq_name from _SEQT_REV_SEQTMGR) is NULL drop table _SEQT_REV_SEQTMGR if (select name from sysobjects where name = '_SEQT_REV_bokforingsid' and uid = (select uid from sysusers where sid = (select sid from master.dbo.syslogins where UPPER(name) = UPPER('tny')))) is not NULL drop table _SEQT_REV_bokforingsid
  : Stored Procedure failed execution.  See previous errors for more information (14958)
  : 14958
  : S0002: [Microsoft][ODBC SQL Server Driver][SQL Server]Invalid object name '_SEQT_REV_SEQTMGR'.
  : 0
SEND-SQL FAILED SENDING:  if (select name from sysobjects where name = '_SEQT_bongid' and uid = (select uid from sysusers where sid = (select sid from master.dbo.syslogins where UPPER(name) = UPPER('tny')))) is not NULL drop table _SEQT_bongid if (select seq_name from _SEQT_REV_SEQTMGR where seq_name = 'bongid') is not NULL delete from _SEQT_REV_SEQTMGR where seq_name = 'bongid' if (select seq_name from _SEQT_REV_SEQTMGR) is NULL drop table _SEQT_REV_SEQTMGR if (select name from sysobjects where name = '_SEQT_REV_bongid' and uid = (select uid from sysusers where sid = (select sid from master.dbo.syslogins where UPPER(name) = UPPER('tny')))) is not NULL drop table _SEQT_REV_bongid
  : Stored Procedure failed execution.  See previous errors for more information (14958)
  : 14958
  : S0002: [Microsoft][ODBC SQL Server Driver][SQL Server]Invalid object name '_SEQT_REV_SEQTMGR'.
  : 0
SEND-SQL FAILED SENDING:  if (select name from sysobjects where name = '_SEQT_datasettid' and uid = (select uid from sysusers where sid = (select sid from master.dbo.syslogins where UPPER(name) = UPPER('tny')))) is not NULL drop table _SEQT_datasettid if (select seq_name from _SEQT_REV_SEQTMGR where seq_name = 'datasettid') is not NULL delete from _SEQT_REV_SEQTMGR where seq_name = 'datasettid' if (select seq_name from _SEQT_REV_SEQTMGR) is NULL drop table _SEQT_REV_SEQTMGR if (select name from sysobjects where name = '_SEQT_REV_datasettid' and uid = (select uid from sysusers where sid = (select sid from master.dbo.syslogins where UPPER(name) = UPPER('tny')))) is not NULL drop table _SEQT_REV_datasettid
  : Stored Procedure failed execution.  See previous errors for more information (14958)
  : 14958
  : S0002: [Microsoft][ODBC SQL Server Driver][SQL Server]Invalid object name '_SEQT_REV_SEQTMGR'.
  : 0
SEND-SQL FAILED SENDING:  if (select name from sysobjects where name = '_SEQT_skiftid' and uid = (select uid from sysusers where sid = (select sid from master.dbo.syslogins where UPPER(name) = UPPER('tny')))) is not NULL drop table _SEQT_skiftid if (select seq_name from _SEQT_REV_SEQTMGR where seq_name = 'skiftid') is not NULL delete from _SEQT_REV_SEQTMGR where seq_name = 'skiftid' if (select seq_name from _SEQT_REV_SEQTMGR) is NULL drop table _SEQT_REV_SEQTMGR if (select name from sysobjects where name = '_SEQT_REV_skiftid' and uid = (select uid from sysusers where sid = (select sid from master.dbo.syslogins where UPPER(name) = UPPER('tny')))) is not NULL drop table _SEQT_REV_skiftid
  : Stored Procedure failed execution.  See previous errors for more information (14958)
  : 14958
  : S0002: [Microsoft][ODBC SQL Server Driver][SQL Server]Invalid object name '_SEQT_REV_SEQTMGR'.
  : 0
